<?xml version="1.0" encoding="UTF-8"?>
<!-- Generated by org.testng.reporters.JUnitXMLReporter -->
<testsuite ignored="0" hostname="DESKTOP-4J4I018" failures="0" tests="1" name="Search Kudos" time="0.018" errors="0" timestamp="2021-10-18T08:04:38 IST">
  <testcase classname="Demo.ToTestLoginPage" name="@BeforeSuite testOne" time="0.007">
    <failure type="java.lang.NullPointerException" message="Cannot invoke &amp;quot;java.util.Properties.getProperty(String)&amp;quot; because &amp;quot;this.prop&amp;quot; is null">
      <![CDATA[java.lang.NullPointerException: Cannot invoke "java.util.Properties.getProperty(String)" because "this.prop" is null
at Demo.ToTestLoginPage.testOne(ToTestLoginPage.java:26)
... Removed 19 stack frames]]>
    </failure>
  </testcase> <!-- @BeforeSuite testOne -->
  <testcase classname="Demo.toSearchKudosTest" name="@BeforeTest initialize" time="-1.634524478765E9">
    <skipped/>
  </testcase> <!-- @BeforeTest initialize -->
  <testcase classname="Demo.toSearchKudosTest" name="@AfterTest closeBrowser" time="-1.634524478778E9">
    <skipped/>
  </testcase> <!-- @AfterTest closeBrowser -->
  <testcase classname="Demo.toSearchKudosTest" name="tFour" time="0.0">
    <skipped/>
  </testcase> <!-- tFour -->
</testsuite> <!-- Search Kudos -->
