<?xml version="1.0" encoding="UTF-8"?>
<!-- Generated by org.testng.reporters.JUnitXMLReporter -->
<testsuite hostname="DESKTOP-4J4I018" name="TestActivity" tests="5" failures="0" timestamp="20 Oct 2021 07:57:57 GMT" time="33.631" errors="0">
  <testcase name="TSix" time="0.986" classname="Demo.OtherActivity"/>
  <testcase name="tSixofFour" time="0.029" classname="Demo.OtherActivity"/>
  <testcase name="tSixofThree" time="1.644" classname="Demo.OtherActivity"/>
  <testcase name="tSixofTwo" time="0.856" classname="Demo.OtherActivity"/>
  <testcase name="testCSelfkudos" time="17.296" classname="Demo.OtherActivity"/>
</testsuite> <!-- TestActivity -->
