<?xml version="1.0" encoding="UTF-8"?>
<!-- Generated by org.testng.reporters.JUnitXMLReporter -->
<testsuite hostname="DESKTOP-4J4I018" name="TestActivity" tests="5" failures="0" timestamp="20 Oct 2021 08:25:31 GMT" time="39.263" errors="0">
  <testcase name="TSix" time="1.967" classname="Demo.OtherActivity"/>
  <testcase name="tSixofFour" time="0.037" classname="Demo.OtherActivity"/>
  <testcase name="tSixofThree" time="3.451" classname="Demo.OtherActivity"/>
  <testcase name="tSixofTwo" time="0.985" classname="Demo.OtherActivity"/>
  <testcase name="testCSelfkudos" time="17.652" classname="Demo.OtherActivity"/>
</testsuite> <!-- TestActivity -->
