<?xml version="1.0" encoding="UTF-8"?>
<testsuite xmlns:xsi="http://www.w3.org/2001/XMLSchema-instance" xsi:noNamespaceSchemaLocation="https://maven.apache.org/surefire/maven-surefire-plugin/xsd/surefire-test-report-3.0.xsd" version="3.0" name="TestSuite" time="154.346" tests="11" errors="0" skipped="0" failures="0">
  <properties>
[...]
</properties>
  <testcase name="testInvalid" classname="Demo.ToTestLoginPage" time="5.157">
    <system-out><![CDATA[chrome
#fdcc16
#2a2559
#4a4a4a
Invalid username or password
]]></system-out>
    <system-err><![CDATA[Starting ChromeDriver 94.0.4606.41 (333e85df3c9b656b518b5f1add5ff246365b6c24-refs/branch-heads/4606@{#845}) on port 48330
Only local connections are allowed.
Please see https://chromedriver.chromium.org/security-considerations for suggestions on keeping ChromeDriver safe.
ChromeDriver was started successfully.
Oct 20, 2021 1:25:48 PM org.openqa.selenium.remote.ProtocolHandshake createSession
INFO: Detected dialect: W3C
]]></system-err>
  </testcase>
  <testcase name="testOne" classname="Demo.ToTestLoginPage" time="5.836">
    <system-out><![CDATA[QTRecognition
]]></system-out>
  </testcase>
  <testcase name="testTwo" classname="Demo.ToDisplayTest" time="12.686">
    <system-out><![CDATA[chrome
QTRecognition
Harshini M Iyli
]]></system-out>
    <system-err><![CDATA[Starting ChromeDriver 94.0.4606.41 (333e85df3c9b656b518b5f1add5ff246365b6c24-refs/branch-heads/4606@{#845}) on port 21114
Only local connections are allowed.
Please see https://chromedriver.chromium.org/security-considerations for suggestions on keeping ChromeDriver safe.
ChromeDriver was started successfully.
Oct 20, 2021 1:26:02 PM org.openqa.selenium.remote.ProtocolHandshake createSession
INFO: Detected dialect: W3C
]]></system-err>
  </testcase>
  <testcase name="tFour" classname="Demo.toSearchKudosTest" time="25.33">
    <system-out><![CDATA[chrome
true
Harshini Iyli
has sent an appreciation to
true case
]]></system-out>
    <system-err><![CDATA[Starting ChromeDriver 94.0.4606.41 (333e85df3c9b656b518b5f1add5ff246365b6c24-refs/branch-heads/4606@{#845}) on port 42959
Only local connections are allowed.
Please see https://chromedriver.chromium.org/security-considerations for suggestions on keeping ChromeDriver safe.
ChromeDriver was started successfully.
Oct 20, 2021 1:26:15 PM org.openqa.selenium.remote.ProtocolHandshake createSession
INFO: Detected dialect: W3C
]]></system-err>
  </testcase>
  <testcase name="testCEmptyComents" classname="Demo.toSendKudos" time="39.605">
    <system-out><![CDATA[chrome
"Exceptional Work"
"Excellent Team Work"
"Innovative Thinker"
"Good Client Relations"
"Quality Hero"
"Quick Learner"
quick learner selected
Please enter any comment.
Please enter any comment.
This test is working, please add comments
]]></system-out>
    <system-err><![CDATA[Starting ChromeDriver 94.0.4606.41 (333e85df3c9b656b518b5f1add5ff246365b6c24-refs/branch-heads/4606@{#845}) on port 25392
Only local connections are allowed.
Please see https://chromedriver.chromium.org/security-considerations for suggestions on keeping ChromeDriver safe.
ChromeDriver was started successfully.
Oct 20, 2021 1:26:44 PM org.openqa.selenium.remote.ProtocolHandshake createSession
INFO: Detected dialect: W3C
]]></system-err>
  </testcase>
  <testcase name="TSix" classname="Demo.OtherActivity" time="0.977">
    <system-out><![CDATA[chrome
true
Harshini Iyli
has sent an appreciation to
has sent - true
]]></system-out>
    <system-err><![CDATA[Starting ChromeDriver 94.0.4606.41 (333e85df3c9b656b518b5f1add5ff246365b6c24-refs/branch-heads/4606@{#845}) on port 28214
Only local connections are allowed.
Please see https://chromedriver.chromium.org/security-considerations for suggestions on keeping ChromeDriver safe.
ChromeDriver was started successfully.
Oct 20, 2021 1:27:26 PM org.openqa.selenium.remote.ProtocolHandshake createSession
INFO: Detected dialect: W3C
]]></system-err>
  </testcase>
  <testcase name="tSixofFour" classname="Demo.OtherActivity" time="0.027">
    <system-out><![CDATA[28
]]></system-out>
  </testcase>
  <testcase name="tSixofThree" classname="Demo.OtherActivity" time="1.644">
    <system-out><![CDATA[activity clicked
Recent Activities
true
]]></system-out>
  </testcase>
  <testcase name="tSixofTwo" classname="Demo.OtherActivity" time="0.856">
    <system-out><![CDATA[Harshini Iyli
received an appreciation from
true-  has received
]]></system-out>
  </testcase>
  <testcase name="testCSelfkudos" classname="Demo.OtherActivity" time="17.296">
    <system-out><![CDATA[28
"Exceptional Work"
exceptional work selected
kudos sent
Sending email. Please wait .....
Mailer Error: SMTP connect() failed.
This test is wrong send kudos to oneself
29
]]></system-out>
  </testcase>
  <testcase name="tFive" classname="Demo.recentKudosTest" time="0.91">
    <system-out><![CDATA[chrome
clicked


"Innovative Thinker"
"Good Client Relations"
"Quality Hero"
"Quick Learner"
Quick Learner
kudos sent
]]></system-out>
    <system-err><![CDATA[Starting ChromeDriver 94.0.4606.41 (333e85df3c9b656b518b5f1add5ff246365b6c24-refs/branch-heads/4606@{#845}) on port 45794
Only local connections are allowed.
Please see https://chromedriver.chromium.org/security-considerations for suggestions on keeping ChromeDriver safe.
ChromeDriver was started successfully.
Oct 20, 2021 1:28:00 PM org.openqa.selenium.remote.ProtocolHandshake createSession
INFO: Detected dialect: W3C
]]></system-err>
  </testcase>
</testsuite>