<?xml version="1.0" encoding="UTF-8"?>
<testng-results ignored="0" total="1" passed="1" failed="0" skipped="0">
  <reporter-output>
  </reporter-output>
  <suite started-at="2021-10-18T01:47:50 IST" name="Default suite" finished-at="2021-10-18T01:48:00 IST" duration-ms="9473">
    <groups>
    </groups>
    <test started-at="2021-10-18T01:47:50 IST" name="Default test" finished-at="2021-10-18T01:48:00 IST" duration-ms="9473">
      <class name="Demo.ToDisplayTest">
        <test-method signature="testTwo()[pri:0, instance:Demo.ToDisplayTest@1e683a3e]" started-at="2021-10-18T01:47:50 IST" name="testTwo" finished-at="2021-10-18T01:47:59 IST" duration-ms="9309" status="PASS">
          <reporter-output>
          </reporter-output>
        </test-method> <!-- testTwo -->
        <test-method is-config="true" signature="closeBrowser()[pri:0, instance:Demo.ToDisplayTest@1e683a3e]" started-at="2021-10-18T01:47:59 IST" name="closeBrowser" finished-at="2021-10-18T01:48:00 IST" duration-ms="123" status="PASS">
          <reporter-output>
          </reporter-output>
        </test-method> <!-- closeBrowser -->
      </class> <!-- Demo.ToDisplayTest -->
    </test> <!-- Default test -->
  </suite> <!-- Default suite -->
</testng-results>
